<?xml version="1.0" encoding="UTF-8"?>
<testng-results ignored="0" total="1" passed="1" failed="0" skipped="0">
  <reporter-output>
  </reporter-output>
  <suite started-at="2023-04-19T10:58:02 IST" name="Suite" finished-at="2023-04-19T10:58:47 IST" duration-ms="45038">
    <groups>
    </groups>
    <test started-at="2023-04-19T10:58:02 IST" name="Test" finished-at="2023-04-19T10:58:47 IST" duration-ms="45038">
      <class name="com.w3schools.utils.Reports">
        <test-method is-config="true" signature="startReport()[pri:0, instance:com.w3schools.utils.Reports@25641d39]" started-at="2023-04-19T10:57:58 IST" name="startReport" finished-at="2023-04-19T10:58:02 IST" duration-ms="4576" status="PASS">
          <reporter-output>
          </reporter-output>
        </test-method> <!-- startReport -->
        <test-method is-config="true" signature="endReport()[pri:0, instance:com.w3schools.utils.Reports@25641d39]" started-at="2023-04-19T10:58:47 IST" name="endReport" finished-at="2023-04-19T10:58:49 IST" duration-ms="1528" status="PASS">
          <reporter-output>
          </reporter-output>
        </test-method> <!-- endReport -->
      </class> <!-- com.w3schools.utils.Reports -->
      <class name="com.w3schools.tests.LoginTest">
        <test-method signature="loginW3Schools()[pri:0, instance:com.w3schools.tests.LoginTest@6574a52c]" started-at="2023-04-19T10:58:03 IST" name="loginW3Schools" finished-at="2023-04-19T10:58:47 IST" duration-ms="43960" status="PASS">
          <reporter-output>
          </reporter-output>
        </test-method> <!-- loginW3Schools -->
      </class> <!-- com.w3schools.tests.LoginTest -->
    </test> <!-- Test -->
  </suite> <!-- Suite -->
</testng-results>
